<?xml version="1.0" encoding="UTF-8"?>
<!-- Generated by org.testng.reporters.JUnitXMLReporter -->
<testsuite hostname="LTPI0006" ignored="0" name="Default test" tests="2" failures="0" timestamp="12 Aug 2020 10:53:23 GMT" time="57.259" errors="0">
  <testcase name="verifyCreateContactTest" time="14.563" classname="com.qa.freecrm.tests.TC_CreateNewContactTest"/>
  <testcase name="verifyContactisDisplayedInTableList" time="31.038" classname="com.qa.freecrm.tests.TC_CreateNewContactTest"/>
</testsuite> <!-- Default test -->
