<?xml version="1.0" encoding="UTF-8"?>
<!-- Generated by org.testng.reporters.JUnitXMLReporter -->
<testsuite hostname="LTPI0006" ignored="0" name="Login Test" tests="3" failures="0" timestamp="25 Aug 2020 11:11:04 GMT" time="21.817" errors="0">
  <testcase name="verifyLoginFieldsDisplayed" time="8.891" classname="com.qa.freecrm.tests.TC_VerifyLoginTest"/>
  <testcase name="verifyLoginPageTitle" time="0.019" classname="com.qa.freecrm.tests.TC_VerifyLoginTest"/>
  <testcase name="verifyLogin" time="1.187" classname="com.qa.freecrm.tests.TC_VerifyLoginTest"/>
</testsuite> <!-- Login Test -->
