<?xml version="1.0" encoding="UTF-8"?>
<!-- Generated by org.testng.reporters.JUnitXMLReporter -->
<testsuite hostname="LTPI0006" ignored="0" name="Login Test" tests="3" failures="0" timestamp="10 Aug 2020 10:53:45 GMT" time="18.243" errors="0">
  <testcase name="verifyLoginFieldsDisplayed" time="8.929" classname="com.qa.freecrm.tests.TC_VerifyLoginTest"/>
  <testcase name="verifyLoginPageTitle" time="0.009" classname="com.qa.freecrm.tests.TC_VerifyLoginTest"/>
  <testcase name="verifyLogin" time="1.127" classname="com.qa.freecrm.tests.TC_VerifyLoginTest"/>
</testsuite> <!-- Login Test -->
