<?xml version="1.0" encoding="UTF-8"?>
<testng-results skipped="0" failed="0" ignored="0" total="3" passed="3">
  <reporter-output>
  </reporter-output>
  <suite name="smokeTest" duration-ms="18243" started-at="2020-08-10T10:53:26Z" finished-at="2020-08-10T10:53:45Z">
    <groups>
    </groups>
    <test name="Login Test" duration-ms="18243" started-at="2020-08-10T10:53:26Z" finished-at="2020-08-10T10:53:45Z">
      <class name="com.qa.freecrm.tests.TC_VerifyLoginTest">
        <test-method status="PASS" signature="setUp()[pri:0, instance:com.qa.freecrm.tests.TC_VerifyLoginTest@6537cf78]" name="setUp" is-config="true" duration-ms="7207" started-at="2020-08-10T10:53:26Z" finished-at="2020-08-10T10:53:34Z">
          <reporter-output>
          </reporter-output>
        </test-method> <!-- setUp -->
        <test-method status="PASS" signature="verifyLoginFieldsDisplayed()[pri:1, instance:com.qa.freecrm.tests.TC_VerifyLoginTest@6537cf78]" name="verifyLoginFieldsDisplayed" duration-ms="8929" started-at="2020-08-10T10:53:34Z" finished-at="2020-08-10T10:53:43Z">
          <reporter-output>
          </reporter-output>
        </test-method> <!-- verifyLoginFieldsDisplayed -->
        <test-method status="PASS" signature="verifyLoginPageTitle()[pri:2, instance:com.qa.freecrm.tests.TC_VerifyLoginTest@6537cf78]" name="verifyLoginPageTitle" duration-ms="9" started-at="2020-08-10T10:53:43Z" finished-at="2020-08-10T10:53:43Z">
          <reporter-output>
          </reporter-output>
        </test-method> <!-- verifyLoginPageTitle -->
        <test-method status="PASS" signature="verifyLogin()[pri:3, instance:com.qa.freecrm.tests.TC_VerifyLoginTest@6537cf78]" name="verifyLogin" duration-ms="1127" started-at="2020-08-10T10:53:43Z" finished-at="2020-08-10T10:53:44Z">
          <reporter-output>
          </reporter-output>
        </test-method> <!-- verifyLogin -->
        <test-method status="PASS" signature="tearDown()[pri:0, instance:com.qa.freecrm.tests.TC_VerifyLoginTest@6537cf78]" name="tearDown" is-config="true" duration-ms="939" started-at="2020-08-10T10:53:44Z" finished-at="2020-08-10T10:53:45Z">
          <reporter-output>
          </reporter-output>
        </test-method> <!-- tearDown -->
      </class> <!-- com.qa.freecrm.tests.TC_VerifyLoginTest -->
    </test> <!-- Login Test -->
  </suite> <!-- smokeTest -->
</testng-results>
