<?xml version="1.0" encoding="UTF-8"?>
<!-- Generated by org.testng.reporters.JUnitXMLReporter -->
<testsuite hostname="LTPI0006" ignored="0" name="Login Test" tests="3" failures="0" timestamp="10 Aug 2020 10:07:47 GMT" time="34.523" errors="0">
  <testcase name="verifyLoginFieldsDisplayed" time="8.134" classname="com.qa.freecrm.tests.TC_VerifyLoginTest"/>
  <testcase name="verifyLoginPageTitle" time="0.016" classname="com.qa.freecrm.tests.TC_VerifyLoginTest"/>
  <testcase name="verifyLogin" time="1.318" classname="com.qa.freecrm.tests.TC_VerifyLoginTest"/>
</testsuite> <!-- Login Test -->
