<?xml version="1.0" encoding="UTF-8"?>
<testng-results skipped="0" failed="0" ignored="0" total="3" passed="3">
  <reporter-output>
  </reporter-output>
  <suite name="smokeTest" duration-ms="34523" started-at="2020-08-10T10:07:12Z" finished-at="2020-08-10T10:07:46Z">
    <groups>
    </groups>
    <test name="Login Test" duration-ms="34523" started-at="2020-08-10T10:07:12Z" finished-at="2020-08-10T10:07:46Z">
      <class name="com.qa.freecrm.tests.TC_VerifyLoginTest">
        <test-method status="PASS" signature="setUp()[pri:0, instance:com.qa.freecrm.tests.TC_VerifyLoginTest@271053e1]" name="setUp" is-config="true" duration-ms="23642" started-at="2020-08-10T10:07:12Z" finished-at="2020-08-10T10:07:36Z">
          <reporter-output>
          </reporter-output>
        </test-method> <!-- setUp -->
        <test-method status="PASS" signature="verifyLoginFieldsDisplayed()[pri:1, instance:com.qa.freecrm.tests.TC_VerifyLoginTest@271053e1]" name="verifyLoginFieldsDisplayed" duration-ms="8134" started-at="2020-08-10T10:07:36Z" finished-at="2020-08-10T10:07:44Z">
          <reporter-output>
          </reporter-output>
        </test-method> <!-- verifyLoginFieldsDisplayed -->
        <test-method status="PASS" signature="verifyLoginPageTitle()[pri:2, instance:com.qa.freecrm.tests.TC_VerifyLoginTest@271053e1]" name="verifyLoginPageTitle" duration-ms="16" started-at="2020-08-10T10:07:44Z" finished-at="2020-08-10T10:07:44Z">
          <reporter-output>
          </reporter-output>
        </test-method> <!-- verifyLoginPageTitle -->
        <test-method status="PASS" signature="verifyLogin()[pri:3, instance:com.qa.freecrm.tests.TC_VerifyLoginTest@271053e1]" name="verifyLogin" duration-ms="1318" started-at="2020-08-10T10:07:44Z" finished-at="2020-08-10T10:07:45Z">
          <reporter-output>
          </reporter-output>
        </test-method> <!-- verifyLogin -->
        <test-method status="PASS" signature="tearDown()[pri:0, instance:com.qa.freecrm.tests.TC_VerifyLoginTest@271053e1]" name="tearDown" is-config="true" duration-ms="1265" started-at="2020-08-10T10:07:45Z" finished-at="2020-08-10T10:07:46Z">
          <reporter-output>
          </reporter-output>
        </test-method> <!-- tearDown -->
      </class> <!-- com.qa.freecrm.tests.TC_VerifyLoginTest -->
    </test> <!-- Login Test -->
  </suite> <!-- smokeTest -->
</testng-results>
