<?xml version="1.0" encoding="UTF-8"?>
<testng-results skipped="0" failed="0" ignored="0" total="3" passed="3">
  <reporter-output>
  </reporter-output>
  <suite name="Default suite" duration-ms="24452" started-at="2020-08-11T10:38:55Z" finished-at="2020-08-11T10:39:20Z">
    <groups>
    </groups>
    <test name="Default test" duration-ms="24452" started-at="2020-08-11T10:38:55Z" finished-at="2020-08-11T10:39:20Z">
      <class name="com.qa.freecrm.tests.TC_VerifyLoginTest">
        <test-method status="PASS" signature="setUp()[pri:0, instance:com.qa.freecrm.tests.TC_VerifyLoginTest@309e345f]" name="setUp" is-config="true" duration-ms="11299" started-at="2020-08-11T10:38:55Z" finished-at="2020-08-11T10:39:07Z">
          <reporter-output>
          </reporter-output>
        </test-method> <!-- setUp -->
        <test-method status="PASS" signature="verifyLoginFieldsDisplayed()[pri:1, instance:com.qa.freecrm.tests.TC_VerifyLoginTest@309e345f]" name="verifyLoginFieldsDisplayed" duration-ms="9795" started-at="2020-08-11T10:39:07Z" finished-at="2020-08-11T10:39:16Z">
          <reporter-output>
          </reporter-output>
        </test-method> <!-- verifyLoginFieldsDisplayed -->
        <test-method status="PASS" signature="verifyLoginPageTitle()[pri:2, instance:com.qa.freecrm.tests.TC_VerifyLoginTest@309e345f]" name="verifyLoginPageTitle" duration-ms="19" started-at="2020-08-11T10:39:17Z" finished-at="2020-08-11T10:39:17Z">
          <reporter-output>
          </reporter-output>
        </test-method> <!-- verifyLoginPageTitle -->
        <test-method status="PASS" signature="verifyLogin()[pri:3, instance:com.qa.freecrm.tests.TC_VerifyLoginTest@309e345f]" name="verifyLogin" duration-ms="1069" started-at="2020-08-11T10:39:17Z" finished-at="2020-08-11T10:39:18Z">
          <reporter-output>
          </reporter-output>
        </test-method> <!-- verifyLogin -->
        <test-method status="PASS" signature="tearDown()[pri:0, instance:com.qa.freecrm.tests.TC_VerifyLoginTest@309e345f]" name="tearDown" is-config="true" duration-ms="1707" started-at="2020-08-11T10:39:18Z" finished-at="2020-08-11T10:39:20Z">
          <reporter-output>
          </reporter-output>
        </test-method> <!-- tearDown -->
      </class> <!-- com.qa.freecrm.tests.TC_VerifyLoginTest -->
    </test> <!-- Default test -->
  </suite> <!-- Default suite -->
</testng-results>
